<?xml version="1.0" encoding="UTF-8"?>
<!-- Generated by org.testng.reporters.JUnitXMLReporter -->
<testsuite hostname="L-5493" ignored="0" name="testngTest" tests="4" failures="0" timestamp="27 Jul 2020 09:54:48 GMT" time="40.054" errors="0">
  <testcase name="anysearch" time="11.777" classname="com.cicd.jenkins.testscripts.Searchgoogle"/>
  <testcase name="LaunchBrowser" time="9.558" classname="com.cicd.jenkins.testscripts.SampleSelTest"/>
  <testcase name="Urlhit" time="3.61" classname="com.cicd.jenkins.testscripts.SampleSelTest"/>
  <testcase name="CloseBrowser" time="1.653" classname="com.cicd.jenkins.testscripts.SampleSelTest"/>
</testsuite> <!-- testngTest -->
