<?xml version="1.0" encoding="UTF-8"?>
<testng-results skipped="0" failed="0" ignored="0" total="4" passed="4">
  <reporter-output>
  </reporter-output>
  <suite name="DemoTest" duration-ms="40054" started-at="2020-07-27T09:54:08Z" finished-at="2020-07-27T09:54:48Z">
    <groups>
    </groups>
    <test name="testngTest" duration-ms="40054" started-at="2020-07-27T09:54:08Z" finished-at="2020-07-27T09:54:48Z">
      <class name="com.cicd.jenkins.testscripts.SampleSelTest">
        <test-method status="PASS" signature="LaunchBrowser()[pri:1, instance:com.cicd.jenkins.testscripts.SampleSelTest@35f983a6]" name="LaunchBrowser" duration-ms="9558" started-at="2020-07-27T09:54:33Z" finished-at="2020-07-27T09:54:43Z">
          <reporter-output>
          </reporter-output>
        </test-method> <!-- LaunchBrowser -->
        <test-method status="PASS" signature="Urlhit()[pri:2, instance:com.cicd.jenkins.testscripts.SampleSelTest@35f983a6]" name="Urlhit" duration-ms="3610" started-at="2020-07-27T09:54:43Z" finished-at="2020-07-27T09:54:47Z">
          <reporter-output>
          </reporter-output>
        </test-method> <!-- Urlhit -->
        <test-method status="PASS" signature="CloseBrowser()[pri:3, instance:com.cicd.jenkins.testscripts.SampleSelTest@35f983a6]" name="CloseBrowser" duration-ms="1653" started-at="2020-07-27T09:54:47Z" finished-at="2020-07-27T09:54:48Z">
          <reporter-output>
          </reporter-output>
        </test-method> <!-- CloseBrowser -->
      </class> <!-- com.cicd.jenkins.testscripts.SampleSelTest -->
      <class name="com.cicd.jenkins.testscripts.Searchgoogle">
        <test-method status="PASS" signature="setupTest()[pri:0, instance:com.cicd.jenkins.testscripts.Searchgoogle@60f82f98]" name="setupTest" is-config="true" duration-ms="24" started-at="2020-07-27T09:54:08Z" finished-at="2020-07-27T09:54:08Z">
          <reporter-output>
          </reporter-output>
        </test-method> <!-- setupTest -->
        <test-method status="PASS" signature="setupMethod()[pri:0, instance:com.cicd.jenkins.testscripts.Searchgoogle@60f82f98]" name="setupMethod" is-config="true" duration-ms="11667" started-at="2020-07-27T09:54:08Z" finished-at="2020-07-27T09:54:20Z">
          <reporter-output>
          </reporter-output>
        </test-method> <!-- setupMethod -->
        <test-method status="PASS" signature="anysearch()[pri:0, instance:com.cicd.jenkins.testscripts.Searchgoogle@60f82f98]" name="anysearch" duration-ms="11777" started-at="2020-07-27T09:54:20Z" finished-at="2020-07-27T09:54:32Z">
          <reporter-output>
          </reporter-output>
        </test-method> <!-- anysearch -->
        <test-method status="PASS" signature="tearDownDriver()[pri:0, instance:com.cicd.jenkins.testscripts.Searchgoogle@60f82f98]" name="tearDownDriver" is-config="true" duration-ms="1685" started-at="2020-07-27T09:54:32Z" finished-at="2020-07-27T09:54:33Z">
          <reporter-output>
          </reporter-output>
        </test-method> <!-- tearDownDriver -->
      </class> <!-- com.cicd.jenkins.testscripts.Searchgoogle -->
    </test> <!-- testngTest -->
  </suite> <!-- DemoTest -->
</testng-results>
