<?xml version="1.0" encoding="UTF-8"?>
<testng-results skipped="0" failed="0" ignored="0" total="1" passed="1">
  <reporter-output>
  </reporter-output>
  <suite name="DemoTest" duration-ms="30026" started-at="2020-07-15T09:44:53Z" finished-at="2020-07-15T09:45:23Z">
    <groups>
    </groups>
    <test name="testngTest" duration-ms="30026" started-at="2020-07-15T09:44:53Z" finished-at="2020-07-15T09:45:23Z">
      <class name="com.cicd.jenkins.testscripts.Searchgoogle">
        <test-method status="PASS" signature="setupTest()[pri:0, instance:com.cicd.jenkins.testscripts.Searchgoogle@6442b0a6]" name="setupTest" is-config="true" duration-ms="34" started-at="2020-07-15T09:44:53Z" finished-at="2020-07-15T09:44:53Z">
          <reporter-output>
          </reporter-output>
        </test-method> <!-- setupTest -->
        <test-method status="PASS" signature="setupMethod()[pri:0, instance:com.cicd.jenkins.testscripts.Searchgoogle@6442b0a6]" name="setupMethod" is-config="true" duration-ms="17161" started-at="2020-07-15T09:44:54Z" finished-at="2020-07-15T09:45:11Z">
          <reporter-output>
          </reporter-output>
        </test-method> <!-- setupMethod -->
        <test-method status="PASS" signature="anysearch()[pri:0, instance:com.cicd.jenkins.testscripts.Searchgoogle@6442b0a6]" name="anysearch" duration-ms="10432" started-at="2020-07-15T09:45:11Z" finished-at="2020-07-15T09:45:21Z">
          <reporter-output>
          </reporter-output>
        </test-method> <!-- anysearch -->
        <test-method status="PASS" signature="tearDownDriver()[pri:0, instance:com.cicd.jenkins.testscripts.Searchgoogle@6442b0a6]" name="tearDownDriver" is-config="true" duration-ms="2318" started-at="2020-07-15T09:45:21Z" finished-at="2020-07-15T09:45:23Z">
          <reporter-output>
          </reporter-output>
        </test-method> <!-- tearDownDriver -->
      </class> <!-- com.cicd.jenkins.testscripts.Searchgoogle -->
    </test> <!-- testngTest -->
  </suite> <!-- DemoTest -->
</testng-results>
