<?xml version="1.0" encoding="UTF-8"?>
<testsuite name="TestSuite" time="26.611" tests="4" errors="0" skipped="0" failures="0">
  <properties>
[...]
</properties>
  <testcase name="anysearch" classname="com.cicd.jenkins.testscripts.Searchgoogle" time="11.793"/>
  <testcase name="LaunchBrowser" classname="com.cicd.jenkins.testscripts.SampleSelTest" time="9.558"/>
  <testcase name="Urlhit" classname="com.cicd.jenkins.testscripts.SampleSelTest" time="3.61"/>
  <testcase name="CloseBrowser" classname="com.cicd.jenkins.testscripts.SampleSelTest" time="1.65"/>
</testsuite>