<?xml version="1.0" encoding="UTF-8"?>
<!-- Generated by org.testng.reporters.JUnitXMLReporter -->
<testsuite hostname="L-5493" ignored="0" name="testngTest" tests="3" failures="0" timestamp="16 Jul 2020 07:57:07 GMT" time="61.311" errors="0">
  <testcase name="LaunchBrowser" time="45.576" classname="com.cicd.jenkins.testscripts.SampleSelTest"/>
  <testcase name="Urlhit" time="12.106" classname="com.cicd.jenkins.testscripts.SampleSelTest"/>
  <testcase name="CloseBrowser" time="3.563" classname="com.cicd.jenkins.testscripts.SampleSelTest"/>
</testsuite> <!-- testngTest -->
